[2025-05-30T04:51:58.792Z] [unhandledRejection] Unhandled Rejection: Error: Failed to launch the browser process! spawn C:\Program Files (x86)\Google\Chrome\Application\chrome.exe ENOENT


TROUBLESHOOTING: https://github.com/puppeteer/puppeteer/blob/main/docs/troubleshooting.md

Error: Unhandled Rejection: Error: Failed to launch the browser process! spawn C:\Program Files (x86)\Google\Chrome\Application\chrome.exe ENOENT


TROUBLESHOOTING: https://github.com/puppeteer/puppeteer/blob/main/docs/troubleshooting.md

    at process.<anonymous> (C:\Users\shubh\OneDrive\Desktop\New folder\src\errorHandler.js:42:18)
    at process.emit (node:events:518:28)
    at emit (node:internal/process/promises:150:20)
    at processPromiseRejections (node:internal/process/promises:284:27)
    at process.processTicksAndRejections (node:internal/process/task_queues:96:32)

[2025-05-30T04:52:14.286Z] [unhandledRejection] Unhandled Rejection: Error: Failed to launch the browser process! spawn C:\Program Files (x86)\Google\Chrome\Application\chrome.exe ENOENT


TROUBLESHOOTING: https://github.com/puppeteer/puppeteer/blob/main/docs/troubleshooting.md

Error: Unhandled Rejection: Error: Failed to launch the browser process! spawn C:\Program Files (x86)\Google\Chrome\Application\chrome.exe ENOENT


TROUBLESHOOTING: https://github.com/puppeteer/puppeteer/blob/main/docs/troubleshooting.md

    at process.<anonymous> (C:\Users\shubh\OneDrive\Desktop\New folder\src\errorHandler.js:42:18)
    at process.emit (node:events:518:28)
    at emit (node:internal/process/promises:150:20)
    at processPromiseRejections (node:internal/process/promises:284:27)
    at process.processTicksAndRejections (node:internal/process/task_queues:96:32)

[2025-05-30T12:21:40.624Z] [uncaughtException] listen EADDRINUSE: address already in use :::3000
Error: listen EADDRINUSE: address already in use :::3000
    at Server.setupListenHandle [as _listen2] (node:net:1908:16)
    at listenInCluster (node:net:1965:12)
    at Server.listen (node:net:2067:7)
    at Function.listen (C:\Users\user\Downloads\wp-bot\node_modules\express\lib\application.js:635:24)
    at Object.<anonymous> (C:\Users\user\Downloads\wp-bot\server.js:78:20)
    at Module._compile (node:internal/modules/cjs/loader:1469:14)
    at Module._extensions..js (node:internal/modules/cjs/loader:1548:10)
    at Module.load (node:internal/modules/cjs/loader:1288:32)
    at Module._load (node:internal/modules/cjs/loader:1104:12)
    at Module.require (node:internal/modules/cjs/loader:1311:19)
    at require (node:internal/modules/helpers:179:18)
    at Object.<anonymous> (C:\Users\user\Downloads\wp-bot\index.js:51:16)
    at Module._compile (node:internal/modules/cjs/loader:1469:14)
    at Module._extensions..js (node:internal/modules/cjs/loader:1548:10)
    at Module.load (node:internal/modules/cjs/loader:1288:32)
    at Module._load (node:internal/modules/cjs/loader:1104:12)

