[2025-05-29T11:25:05.161Z] [unhandledRejection] Unhandled Rejection: ProtocolError: Protocol error (Runtime.callFunctionOn): Execution context was destroyed.
Error: Unhandled Rejection: ProtocolError: Protocol error (Runtime.callFunctionOn): Execution context was destroyed.
    at process.<anonymous> (C:\Users\shubh\OneDrive\Desktop\wp-auto\src\errorHandler.js:42:18)
    at process.emit (node:events:518:28)
    at emit (node:internal/process/promises:150:20)
    at processPromiseRejections (node:internal/process/promises:284:27)
    at process.processTicksAndRejections (node:internal/process/task_queues:96:32)

[2025-05-29T11:26:04.446Z] [unhandledRejection] Unhandled Rejection: ProtocolError: Protocol error (Runtime.callFunctionOn): Target closed.
Error: Unhandled Rejection: ProtocolError: Protocol error (Runtime.callFunctionOn): Target closed.
    at process.<anonymous> (C:\Users\shubh\OneDrive\Desktop\wp-auto\src\errorHandler.js:42:18)
    at process.emit (node:events:518:28)
    at emit (node:internal/process/promises:150:20)
    at processPromiseRejections (node:internal/process/promises:284:27)
    at process.processTicksAndRejections (node:internal/process/task_queues:96:32)

[2025-05-29T11:34:21.154Z] [uncaughtException] listen EADDRINUSE: address already in use :::3000
Error: listen EADDRINUSE: address already in use :::3000
    at Server.setupListenHandle [as _listen2] (node:net:1908:16)
    at listenInCluster (node:net:1965:12)
    at Server.listen (node:net:2067:7)
    at Function.listen (D:\Code\StudentAI\wp-auto\code_zip\code_zip\node_modules\express\lib\application.js:635:24)
    at Object.<anonymous> (D:\Code\StudentAI\wp-auto\code_zip\code_zip\server.js:107:20)
    at Module._compile (node:internal/modules/cjs/loader:1469:14)
    at Module._extensions..js (node:internal/modules/cjs/loader:1548:10)
    at Module.load (node:internal/modules/cjs/loader:1288:32)
    at Module._load (node:internal/modules/cjs/loader:1104:12)
    at Module.require (node:internal/modules/cjs/loader:1311:19)
    at require (node:internal/modules/helpers:179:18)
    at Object.<anonymous> (D:\Code\StudentAI\wp-auto\code_zip\code_zip\index.js:6:16)
    at Module._compile (node:internal/modules/cjs/loader:1469:14)
    at Module._extensions..js (node:internal/modules/cjs/loader:1548:10)
    at Module.load (node:internal/modules/cjs/loader:1288:32)
    at Module._load (node:internal/modules/cjs/loader:1104:12)

[2025-05-29T12:26:12.682Z] [uncaughtException] client is not defined
ReferenceError: client is not defined
    at Object.<anonymous> (D:\Code\StudentAI\wp-auto\code_zip\code_zip\index.js:88:1)
    at Module._compile (node:internal/modules/cjs/loader:1469:14)
    at Module._extensions..js (node:internal/modules/cjs/loader:1548:10)
    at Module.load (node:internal/modules/cjs/loader:1288:32)
    at Module._load (node:internal/modules/cjs/loader:1104:12)
    at Function.executeUserEntryPoint [as runMain] (node:internal/modules/run_main:173:12)
    at node:internal/main/run_main_module:28:49

[2025-05-29T13:07:49.290Z] [unhandledRejection] Unhandled Rejection: ProtocolError: Protocol error (Runtime.callFunctionOn): Execution context was destroyed.
Error: Unhandled Rejection: ProtocolError: Protocol error (Runtime.callFunctionOn): Execution context was destroyed.
    at process.<anonymous> (D:\Code\StudentAI\wp-auto\code_zip\code_zip\src\errorHandler.js:42:18)
    at process.emit (node:events:518:28)
    at emitUnhandledRejection (node:internal/process/promises:250:13)
    at throwUnhandledRejectionsMode (node:internal/process/promises:385:19)
    at processPromiseRejections (node:internal/process/promises:470:17)
    at process.processTicksAndRejections (node:internal/process/task_queues:96:32)

[2025-05-29T13:08:18.127Z] [unhandledRejection] Unhandled Rejection: ProtocolError: Protocol error (Runtime.callFunctionOn): Execution context was destroyed.
Error: Unhandled Rejection: ProtocolError: Protocol error (Runtime.callFunctionOn): Execution context was destroyed.
    at process.<anonymous> (D:\Code\StudentAI\wp-auto\code_zip\code_zip\src\errorHandler.js:42:18)
    at process.emit (node:events:518:28)
    at emitUnhandledRejection (node:internal/process/promises:250:13)
    at throwUnhandledRejectionsMode (node:internal/process/promises:385:19)
    at processPromiseRejections (node:internal/process/promises:470:17)
    at process.processTicksAndRejections (node:internal/process/task_queues:96:32)

